2017/04/27 14:39:28 [error] [exception.CHttpException.404] exception 'CHttpException' with message 'The system is unable to find the requested action "gii".' in /home/zharikov/workspace/dexbibl/framework/yiilite.php:3776
Stack trace:
#0 /home/zharikov/workspace/dexbibl/framework/yiilite.php(3658): CController->missingAction('gii')
#1 /home/zharikov/workspace/dexbibl/framework/yiilite.php(1768): CController->run('gii')
#2 /home/zharikov/workspace/dexbibl/framework/yiilite.php(1688): CWebApplication->runController('site/gii')
#3 /home/zharikov/workspace/dexbibl/framework/yiilite.php(1205): CWebApplication->processRequest()
#4 /home/zharikov/workspace/dexbibl/htdocs/index.php(10): CApplication->run()
#5 {main}
REQUEST_URI=/index.php/gii
---
2017/04/27 14:39:40 [error] [exception.CHttpException.404] exception 'CHttpException' with message 'Unable to resolve the request "gii/index".' in /home/zharikov/workspace/dexbibl/framework/yiilite.php:1772
Stack trace:
#0 /home/zharikov/workspace/dexbibl/framework/yiilite.php(1688): CWebApplication->runController('gii/index')
#1 /home/zharikov/workspace/dexbibl/framework/yiilite.php(1205): CWebApplication->processRequest()
#2 /home/zharikov/workspace/dexbibl/htdocs/index.php(10): CApplication->run()
#3 {main}
REQUEST_URI=/index.php/gii/index
---
2017/04/27 14:40:04 [error] [exception.CHttpException.404] exception 'CHttpException' with message 'Unable to resolve the request "gii/index".' in /home/zharikov/workspace/dexbibl/framework/yiilite.php:1772
Stack trace:
#0 /home/zharikov/workspace/dexbibl/framework/yiilite.php(1688): CWebApplication->runController('gii/index')
#1 /home/zharikov/workspace/dexbibl/framework/yiilite.php(1205): CWebApplication->processRequest()
#2 /home/zharikov/workspace/dexbibl/htdocs/index.php(10): CApplication->run()
#3 {main}
REQUEST_URI=/index.php/gii/index
---
2017/04/27 14:40:07 [error] [exception.CHttpException.403] exception 'CHttpException' with message 'You are not allowed to access this page.' in /home/zharikov/workspace/dexbibl/framework/gii/GiiModule.php:170
Stack trace:
#0 /home/zharikov/workspace/dexbibl/framework/yiilite.php(3651): GiiModule->beforeControllerAction(Object(DefaultController), Object(CInlineAction))
#1 /home/zharikov/workspace/dexbibl/framework/yiilite.php(1768): CController->run('index')
#2 /home/zharikov/workspace/dexbibl/framework/yiilite.php(1688): CWebApplication->runController('gii/default/ind...')
#3 /home/zharikov/workspace/dexbibl/framework/yiilite.php(1205): CWebApplication->processRequest()
#4 /home/zharikov/workspace/dexbibl/htdocs/index.php(10): CApplication->run()
#5 {main}
REQUEST_URI=/index.php/gii/default/index
HTTP_REFERER=http://dexbibl.zharikov.fenrir.immo/index.php/gii/index
---
2017/04/27 14:42:26 [error] [exception.CDbException] exception 'CDbException' with message 'CDbConnection failed to open the DB connection: SQLSTATE[HY000] [2002] Can't connect to local MySQL server through socket '/var/lib/mysql/mysql.sock' (2)' in /home/zharikov/workspace/dexbibl/framework/yiilite.php:8615
Stack trace:
#0 /home/zharikov/workspace/dexbibl/framework/yiilite.php(8587): CDbConnection->open()
#1 /home/zharikov/workspace/dexbibl/framework/yiilite.php(8576): CDbConnection->setActive(true)
#2 /home/zharikov/workspace/dexbibl/framework/yiilite.php(1073): CDbConnection->init()
#3 /home/zharikov/workspace/dexbibl/framework/yiilite.php(925): CModule->getComponent('db')
#4 /home/zharikov/workspace/dexbibl/framework/gii/generators/model/ModelCode.php(60): CModule->__get('db')
#5 /home/zharikov/workspace/dexbibl/framework/web/CFormModel.php(39): ModelCode->init()
#6 /home/zharikov/workspace/dexbibl/framework/gii/CCodeGenerator.php(153): CFormModel->__construct()
#7 /home/zharikov/workspace/dexbibl/framework/gii/CCodeGenerator.php(63): CCodeGenerator->prepare()
#8 /home/zharikov/workspace/dexbibl/framework/yiilite.php(4165): CCodeGenerator->actionIndex()
#9 /home/zharikov/workspace/dexbibl/framework/yiilite.php(3678): CInlineAction->runWithParams(Array)
#10 /home/zharikov/workspace/dexbibl/framework/yiilite.php(3663): CController->runAction(Object(CInlineAction))
#11 /home/zharikov/workspace/dexbibl/framework/yiilite.php(3653): CController->runActionWithFilters(Object(CInlineAction), Array)
#12 /home/zharikov/workspace/dexbibl/framework/yiilite.php(1768): CController->run('index')
#13 /home/zharikov/workspace/dexbibl/framework/yiilite.php(1688): CWebApplication->runController('gii/model/index')
#14 /home/zharikov/workspace/dexbibl/framework/yiilite.php(1205): CWebApplication->processRequest()
#15 /home/zharikov/workspace/dexbibl/htdocs/index.php(10): CApplication->run()
#16 {main}
REQUEST_URI=/index.php/gii/model/index
HTTP_REFERER=http://dexbibl.zharikov.fenrir.immo/index.php/gii/default/index
---
2017/04/27 14:47:58 [error] [php] Undefined variable: books (/home/zharikov/workspace/dexbibl/htdocs/protected/views/site/index.php:5)
Stack trace:
#0 /home/zharikov/workspace/dexbibl/framework/yiilite.php(3930): SiteController->renderFile()
#1 /home/zharikov/workspace/dexbibl/framework/yiilite.php(3898): SiteController->renderPartial()
#2 /home/zharikov/workspace/dexbibl/htdocs/protected/controllers/SiteController.php(54): SiteController->render()
#3 /home/zharikov/workspace/dexbibl/framework/yiilite.php(4165): SiteController->actionIndex()
#4 /home/zharikov/workspace/dexbibl/framework/yiilite.php(3678): CInlineAction->runWithParams()
#5 /home/zharikov/workspace/dexbibl/framework/yiilite.php(3663): SiteController->runAction()
#6 /home/zharikov/workspace/dexbibl/framework/yiilite.php(3653): SiteController->runActionWithFilters()
#7 /home/zharikov/workspace/dexbibl/framework/yiilite.php(1768): SiteController->run()
#8 /home/zharikov/workspace/dexbibl/framework/yiilite.php(1688): CWebApplication->runController()
#9 /home/zharikov/workspace/dexbibl/framework/yiilite.php(1205): CWebApplication->processRequest()
#10 /home/zharikov/workspace/dexbibl/htdocs/index.php(10): CWebApplication->run()
REQUEST_URI=/
in /home/zharikov/workspace/dexbibl/htdocs/protected/views/site/index.php (5)
in /home/zharikov/workspace/dexbibl/htdocs/protected/controllers/SiteController.php (54)
in /home/zharikov/workspace/dexbibl/htdocs/index.php (10)
2017/04/27 14:54:23 [error] [php] Undefined variable: books (/home/zharikov/workspace/dexbibl/htdocs/protected/views/site/index.php:5)
Stack trace:
#0 /home/zharikov/workspace/dexbibl/framework/yiilite.php(3930): SiteController->renderFile()
#1 /home/zharikov/workspace/dexbibl/framework/yiilite.php(3898): SiteController->renderPartial()
#2 /home/zharikov/workspace/dexbibl/htdocs/protected/controllers/SiteController.php(54): SiteController->render()
#3 /home/zharikov/workspace/dexbibl/framework/yiilite.php(4165): SiteController->actionIndex()
#4 /home/zharikov/workspace/dexbibl/framework/yiilite.php(3678): CInlineAction->runWithParams()
#5 /home/zharikov/workspace/dexbibl/framework/yiilite.php(3663): SiteController->runAction()
#6 /home/zharikov/workspace/dexbibl/framework/yiilite.php(3653): SiteController->runActionWithFilters()
#7 /home/zharikov/workspace/dexbibl/framework/yiilite.php(1768): SiteController->run()
#8 /home/zharikov/workspace/dexbibl/framework/yiilite.php(1688): CWebApplication->runController()
#9 /home/zharikov/workspace/dexbibl/framework/yiilite.php(1205): CWebApplication->processRequest()
#10 /home/zharikov/workspace/dexbibl/htdocs/index.php(10): CWebApplication->run()
REQUEST_URI=/
in /home/zharikov/workspace/dexbibl/htdocs/protected/views/site/index.php (5)
in /home/zharikov/workspace/dexbibl/htdocs/protected/controllers/SiteController.php (54)
in /home/zharikov/workspace/dexbibl/htdocs/index.php (10)
2017/04/27 14:55:29 [error] [php] Undefined variable: data (/home/zharikov/workspace/dexbibl/htdocs/protected/views/site/index.php:3)
Stack trace:
#0 /home/zharikov/workspace/dexbibl/framework/yiilite.php(3930): SiteController->renderFile()
#1 /home/zharikov/workspace/dexbibl/framework/yiilite.php(3898): SiteController->renderPartial()
#2 /home/zharikov/workspace/dexbibl/htdocs/protected/controllers/SiteController.php(54): SiteController->render()
#3 /home/zharikov/workspace/dexbibl/framework/yiilite.php(4165): SiteController->actionIndex()
#4 /home/zharikov/workspace/dexbibl/framework/yiilite.php(3678): CInlineAction->runWithParams()
#5 /home/zharikov/workspace/dexbibl/framework/yiilite.php(3663): SiteController->runAction()
#6 /home/zharikov/workspace/dexbibl/framework/yiilite.php(3653): SiteController->runActionWithFilters()
#7 /home/zharikov/workspace/dexbibl/framework/yiilite.php(1768): SiteController->run()
#8 /home/zharikov/workspace/dexbibl/framework/yiilite.php(1688): CWebApplication->runController()
#9 /home/zharikov/workspace/dexbibl/framework/yiilite.php(1205): CWebApplication->processRequest()
#10 /home/zharikov/workspace/dexbibl/htdocs/index.php(10): CWebApplication->run()
REQUEST_URI=/
in /home/zharikov/workspace/dexbibl/htdocs/protected/views/site/index.php (3)
in /home/zharikov/workspace/dexbibl/htdocs/protected/controllers/SiteController.php (54)
in /home/zharikov/workspace/dexbibl/htdocs/index.php (10)
2017/04/27 14:58:50 [error] [php] Trying to get property of non-object (/home/zharikov/workspace/dexbibl/htdocs/protected/views/site/index.php:11)
Stack trace:
#0 /home/zharikov/workspace/dexbibl/framework/yiilite.php(3930): SiteController->renderFile()
#1 /home/zharikov/workspace/dexbibl/framework/yiilite.php(3898): SiteController->renderPartial()
#2 /home/zharikov/workspace/dexbibl/htdocs/protected/controllers/SiteController.php(54): SiteController->render()
#3 /home/zharikov/workspace/dexbibl/framework/yiilite.php(4165): SiteController->actionIndex()
#4 /home/zharikov/workspace/dexbibl/framework/yiilite.php(3678): CInlineAction->runWithParams()
#5 /home/zharikov/workspace/dexbibl/framework/yiilite.php(3663): SiteController->runAction()
#6 /home/zharikov/workspace/dexbibl/framework/yiilite.php(3653): SiteController->runActionWithFilters()
#7 /home/zharikov/workspace/dexbibl/framework/yiilite.php(1768): SiteController->run()
#8 /home/zharikov/workspace/dexbibl/framework/yiilite.php(1688): CWebApplication->runController()
#9 /home/zharikov/workspace/dexbibl/framework/yiilite.php(1205): CWebApplication->processRequest()
#10 /home/zharikov/workspace/dexbibl/htdocs/index.php(10): CWebApplication->run()
REQUEST_URI=/
in /home/zharikov/workspace/dexbibl/htdocs/protected/views/site/index.php (11)
in /home/zharikov/workspace/dexbibl/htdocs/protected/controllers/SiteController.php (54)
in /home/zharikov/workspace/dexbibl/htdocs/index.php (10)
2017/04/27 14:59:04 [error] [php] Trying to get property of non-object (/home/zharikov/workspace/dexbibl/htdocs/protected/views/site/index.php:11)
Stack trace:
#0 /home/zharikov/workspace/dexbibl/framework/yiilite.php(3930): SiteController->renderFile()
#1 /home/zharikov/workspace/dexbibl/framework/yiilite.php(3898): SiteController->renderPartial()
#2 /home/zharikov/workspace/dexbibl/htdocs/protected/controllers/SiteController.php(54): SiteController->render()
#3 /home/zharikov/workspace/dexbibl/framework/yiilite.php(4165): SiteController->actionIndex()
#4 /home/zharikov/workspace/dexbibl/framework/yiilite.php(3678): CInlineAction->runWithParams()
#5 /home/zharikov/workspace/dexbibl/framework/yiilite.php(3663): SiteController->runAction()
#6 /home/zharikov/workspace/dexbibl/framework/yiilite.php(3653): SiteController->runActionWithFilters()
#7 /home/zharikov/workspace/dexbibl/framework/yiilite.php(1768): SiteController->run()
#8 /home/zharikov/workspace/dexbibl/framework/yiilite.php(1688): CWebApplication->runController()
#9 /home/zharikov/workspace/dexbibl/framework/yiilite.php(1205): CWebApplication->processRequest()
#10 /home/zharikov/workspace/dexbibl/htdocs/index.php(10): CWebApplication->run()
REQUEST_URI=/
in /home/zharikov/workspace/dexbibl/htdocs/protected/views/site/index.php (11)
in /home/zharikov/workspace/dexbibl/htdocs/protected/controllers/SiteController.php (54)
in /home/zharikov/workspace/dexbibl/htdocs/index.php (10)
2017/04/27 14:59:19 [error] [php] Trying to get property of non-object (/home/zharikov/workspace/dexbibl/htdocs/protected/views/site/index.php:11)
Stack trace:
#0 /home/zharikov/workspace/dexbibl/framework/yiilite.php(3930): SiteController->renderFile()
#1 /home/zharikov/workspace/dexbibl/framework/yiilite.php(3898): SiteController->renderPartial()
#2 /home/zharikov/workspace/dexbibl/htdocs/protected/controllers/SiteController.php(54): SiteController->render()
#3 /home/zharikov/workspace/dexbibl/framework/yiilite.php(4165): SiteController->actionIndex()
#4 /home/zharikov/workspace/dexbibl/framework/yiilite.php(3678): CInlineAction->runWithParams()
#5 /home/zharikov/workspace/dexbibl/framework/yiilite.php(3663): SiteController->runAction()
#6 /home/zharikov/workspace/dexbibl/framework/yiilite.php(3653): SiteController->runActionWithFilters()
#7 /home/zharikov/workspace/dexbibl/framework/yiilite.php(1768): SiteController->run()
#8 /home/zharikov/workspace/dexbibl/framework/yiilite.php(1688): CWebApplication->runController()
#9 /home/zharikov/workspace/dexbibl/framework/yiilite.php(1205): CWebApplication->processRequest()
#10 /home/zharikov/workspace/dexbibl/htdocs/index.php(10): CWebApplication->run()
REQUEST_URI=/
in /home/zharikov/workspace/dexbibl/htdocs/protected/views/site/index.php (11)
in /home/zharikov/workspace/dexbibl/htdocs/protected/controllers/SiteController.php (54)
in /home/zharikov/workspace/dexbibl/htdocs/index.php (10)
2017/04/27 14:59:26 [error] [php] Trying to get property of non-object (/home/zharikov/workspace/dexbibl/htdocs/protected/views/site/index.php:12)
Stack trace:
#0 /home/zharikov/workspace/dexbibl/framework/yiilite.php(3930): SiteController->renderFile()
#1 /home/zharikov/workspace/dexbibl/framework/yiilite.php(3898): SiteController->renderPartial()
#2 /home/zharikov/workspace/dexbibl/htdocs/protected/controllers/SiteController.php(54): SiteController->render()
#3 /home/zharikov/workspace/dexbibl/framework/yiilite.php(4165): SiteController->actionIndex()
#4 /home/zharikov/workspace/dexbibl/framework/yiilite.php(3678): CInlineAction->runWithParams()
#5 /home/zharikov/workspace/dexbibl/framework/yiilite.php(3663): SiteController->runAction()
#6 /home/zharikov/workspace/dexbibl/framework/yiilite.php(3653): SiteController->runActionWithFilters()
#7 /home/zharikov/workspace/dexbibl/framework/yiilite.php(1768): SiteController->run()
#8 /home/zharikov/workspace/dexbibl/framework/yiilite.php(1688): CWebApplication->runController()
#9 /home/zharikov/workspace/dexbibl/framework/yiilite.php(1205): CWebApplication->processRequest()
#10 /home/zharikov/workspace/dexbibl/htdocs/index.php(10): CWebApplication->run()
REQUEST_URI=/
in /home/zharikov/workspace/dexbibl/htdocs/protected/views/site/index.php (12)
in /home/zharikov/workspace/dexbibl/htdocs/protected/controllers/SiteController.php (54)
in /home/zharikov/workspace/dexbibl/htdocs/index.php (10)
